// 重构日志: 16ddab17
// 重构日志: 32fe7598
// 重构日志: 24769d41
// 同步 ID: abf72db4 @ Tue Jun 30 17:48:09 UTC 2026
// 重构日志: 66dd1351
// 重构日志: 7b6b50c4
// 重构日志: 3bb0ed56
// 同步 ID: 779f7cae @ Sun Jul  5 10:23:33 UTC 2026
// 重构日志: d38804b5
// 重构日志: d66edc8d
// 重构日志: 21caf80a
// 重构日志: 1309557e
// 重构日志: e4c99dfd
// 重构日志: 204f2ffc
// 重构日志: 03fc18c0
// 重构日志: 66089047
// 同步 ID: 4b104cd3 @ Fri Jul 17 00:39:00 UTC 2026
// 同步 ID: 112622df @ Sat Jul 18 01:10:03 UTC 2026
// 重构日志: ddaebfa2
// 同步 ID: 76c5e4a7 @ Sat Jul 18 11:22:43 UTC 2026
// 重构日志: d4f44db6
// 同步 ID: 3d93099d @ Mon Jul 20 04:17:26 UTC 2026
// 重构日志: 455f5849
// 同步 ID: 195c3dad @ Mon Jul 20 14:05:55 UTC 2026
// 重构日志: 773e4c31
// 重构日志: a02ef84f
// 重构日志: 8bddba7b
// 重构日志: 9454772e
// 重构日志: 4d1ded0c
// 同步 ID: e6bccdf8 @ Wed Jul 22 10:24:06 UTC 2026
